[debug] [2020-09-25T06:43:53.712Z] ----------------------------------------------------------------------
[debug] [2020-09-25T06:43:53.716Z] Command:       /opt/local/bin/node /opt/local/bin/firebase deploy
[debug] [2020-09-25T06:43:53.717Z] CLI Version:   8.11.1
[debug] [2020-09-25T06:43:53.717Z] Platform:      darwin
[debug] [2020-09-25T06:43:53.717Z] Node Version:  v14.5.0
[debug] [2020-09-25T06:43:53.719Z] Time:          Fri Sep 25 2020 14:43:53 GMT+0800 (Ulaanbaatar Standard Time)
[debug] [2020-09-25T06:43:53.720Z] ----------------------------------------------------------------------
[debug] [2020-09-25T06:43:53.720Z] 
[debug] [2020-09-25T06:43:53.733Z] > command requires scopes: ["email","openid","https://www.googleapis.com/auth/cloudplatformprojects.readonly","https://www.googleapis.com/auth/firebase","https://www.googleapis.com/auth/cloud-platform"]
[debug] [2020-09-25T06:43:53.734Z] > authorizing via signed-in user
[debug] [2020-09-25T06:43:53.734Z] [iam] checking project n-range for permissions ["firebase.projects.get","firebasehosting.sites.update"]
[debug] [2020-09-25T06:43:53.739Z] >>> HTTP REQUEST POST https://cloudresourcemanager.googleapis.com/v1/projects/n-range:testIamPermissions  
 {"permissions":["firebase.projects.get","firebasehosting.sites.update"]}
[debug] [2020-09-25T06:43:55.117Z] <<< HTTP RESPONSE 200 {"content-type":"application/json; charset=UTF-8","vary":"X-Origin, Referer, Origin,Accept-Encoding","date":"Fri, 25 Sep 2020 06:43:54 GMT","server":"ESF","cache-control":"private","x-xss-protection":"0","x-frame-options":"SAMEORIGIN","x-content-type-options":"nosniff","server-timing":"gfet4t7; dur=877","alt-svc":"h3-Q050=\":443\"; ma=2592000,h3-29=\":443\"; ma=2592000,h3-27=\":443\"; ma=2592000,h3-T051=\":443\"; ma=2592000,h3-T050=\":443\"; ma=2592000,h3-Q046=\":443\"; ma=2592000,h3-Q043=\":443\"; ma=2592000,quic=\":443\"; ma=2592000; v=\"46,43\"","accept-ranges":"none","transfer-encoding":"chunked"}
[debug] [2020-09-25T06:43:55.120Z] >>> HTTP REQUEST GET https://firebase.googleapis.com/v1beta1/projects/n-range  
 
[debug] [2020-09-25T06:43:56.448Z] <<< HTTP RESPONSE 200 {"content-type":"application/json; charset=UTF-8","vary":"X-Origin, Referer, Origin,Accept-Encoding","date":"Fri, 25 Sep 2020 06:43:56 GMT","server":"ESF","cache-control":"private","x-xss-protection":"0","x-frame-options":"SAMEORIGIN","x-content-type-options":"nosniff","alt-svc":"h3-Q050=\":443\"; ma=2592000,h3-29=\":443\"; ma=2592000,h3-27=\":443\"; ma=2592000,h3-T051=\":443\"; ma=2592000,h3-T050=\":443\"; ma=2592000,h3-Q046=\":443\"; ma=2592000,h3-Q043=\":443\"; ma=2592000,quic=\":443\"; ma=2592000; v=\"46,43\"","accept-ranges":"none","transfer-encoding":"chunked"}
[info] 
[info] === Deploying to 'n-range'...
[info] 
[info] i  deploying hosting 
[debug] [2020-09-25T06:43:56.454Z] >>> HTTP REQUEST POST https://firebasehosting.googleapis.com/v1beta1/sites/n-range/versions  
 {"config":{"rewrites":[{"glob":"**","path":"/index.html"}]},"labels":{"deployment-tool":"cli-firebase"}}
[debug] [2020-09-25T06:43:58.119Z] <<< HTTP RESPONSE 200 {"content-type":"application/json; charset=UTF-8","vary":"X-Origin, Referer, Origin,Accept-Encoding","date":"Fri, 25 Sep 2020 06:43:58 GMT","server":"ESF","cache-control":"private","x-xss-protection":"0","x-frame-options":"SAMEORIGIN","x-content-type-options":"nosniff","alt-svc":"h3-Q050=\":443\"; ma=2592000,h3-29=\":443\"; ma=2592000,h3-27=\":443\"; ma=2592000,h3-T051=\":443\"; ma=2592000,h3-T050=\":443\"; ma=2592000,h3-Q046=\":443\"; ma=2592000,h3-Q043=\":443\"; ma=2592000,quic=\":443\"; ma=2592000; v=\"46,43\"","accept-ranges":"none","transfer-encoding":"chunked"}
[info] i  hosting[n-range]: beginning deploy... 
[info] i  hosting[n-range]: found 27 files in build 
[debug] [2020-09-25T06:43:58.595Z] [hosting] hash cache [YnVpbGQ] stored for 27 files
[debug] [2020-09-25T06:43:58.595Z] [hosting][hash queue][FINAL] {"max":431,"min":69,"avg":103,"active":0,"complete":27,"success":27,"errored":0,"retried":0,"total":27,"elapsed":449}
[debug] [2020-09-25T06:43:58.596Z] >>> HTTP REQUEST POST https://firebasehosting.googleapis.com/v1beta1/sites/n-range/versions/0ddbee282bbb422c:populateFiles  
 <request body omitted>
[debug] [2020-09-25T06:44:00.689Z] <<< HTTP RESPONSE 200 {"content-type":"application/json; charset=UTF-8","vary":"X-Origin, Referer, Origin,Accept-Encoding","date":"Fri, 25 Sep 2020 06:44:00 GMT","server":"ESF","cache-control":"private","x-xss-protection":"0","x-frame-options":"SAMEORIGIN","x-content-type-options":"nosniff","alt-svc":"h3-Q050=\":443\"; ma=2592000,h3-29=\":443\"; ma=2592000,h3-27=\":443\"; ma=2592000,h3-T051=\":443\"; ma=2592000,h3-T050=\":443\"; ma=2592000,h3-Q046=\":443\"; ma=2592000,h3-Q043=\":443\"; ma=2592000,quic=\":443\"; ma=2592000; v=\"46,43\"","accept-ranges":"none","transfer-encoding":"chunked"}
[debug] [2020-09-25T06:44:00.697Z] [hosting][populate queue][FINAL] {"max":2097,"min":2097,"avg":2097,"active":0,"complete":1,"success":1,"errored":0,"retried":0,"total":1,"elapsed":2103}
[debug] [2020-09-25T06:44:00.697Z] [hosting] uploads queued: 9
[debug] [2020-09-25T06:44:04.321Z] [hosting][upload queue][FINAL] {"max":3630,"min":1995,"avg":2600.222222222222,"active":0,"complete":9,"success":9,"errored":0,"retried":0,"total":9,"elapsed":3631}
[info] ✔  hosting[n-range]: file upload complete 
[debug] [2020-09-25T06:44:04.322Z] [hosting] deploy completed after 6201ms
[debug] [2020-09-25T06:44:04.558Z] [
  {
    "config": {
      "public": "build",
      "ignore": [
        "**/node_modules/**"
      ],
      "rewrites": [
        {
          "source": "**",
          "destination": "/index.html"
        }
      ],
      "site": "n-range"
    },
    "site": "n-range",
    "version": "sites/n-range/versions/0ddbee282bbb422c"
  }
]
[info] i  hosting[n-range]: finalizing version... 
[debug] [2020-09-25T06:44:04.561Z] >>> HTTP REQUEST PATCH https://firebasehosting.googleapis.com/v1beta1/sites/n-range/versions/0ddbee282bbb422c?updateMask=status  
 {"status":"FINALIZED"}
